<?xml version="1.0" encoding="UTF-8"?>
<!-- Generated by org.testng.reporters.JUnitReportReporter -->
<testsuite hostname="Bala-PC" failures="0" tests="2" name="mavenpackage.FirstMavenExercise" time="5.874" errors="0" timestamp="2022-02-08T11:47:24 EST" skipped="0">
  <testcase classname="mavenpackage.FirstMavenExercise" name="mavenTest" time="3.664"/>
  <system-out/>
  <testcase classname="mavenpackage.FirstMavenExercise" name="mavenTest" time="2.210"/>
  <system-out/>
</testsuite> <!-- mavenpackage.FirstMavenExercise -->
