<?xml version="1.0" encoding="UTF-8"?>
<!-- Generated by org.testng.reporters.JUnitReportReporter -->
<testsuite hostname="Bala-PC" failures="0" tests="1" name="mavenpackage.FirstTestNGFile" time="0.017" errors="0" timestamp="2022-02-08T12:57:42 EST" skipped="0">
  <testcase classname="mavenpackage.FirstTestNGFile" name="verifyTitle" time="0.017"/>
  <system-out/>
</testsuite> <!-- mavenpackage.FirstTestNGFile -->
