<?xml version="1.0" encoding="UTF-8"?>
<!-- Generated by org.testng.reporters.JUnitReportReporter -->
<testsuite hostname="Bala-PC" failures="0" tests="1" name="mavenpackage.FirstMavenExercise" time="4.980" errors="0" timestamp="2022-02-08T12:56:33 EST" skipped="0">
  <testcase classname="mavenpackage.FirstMavenExercise" name="mavenTest" time="4.980"/>
  <system-out/>
</testsuite> <!-- mavenpackage.FirstMavenExercise -->
