<?xml version="1.0" encoding="UTF-8"?>
<!-- Generated by org.testng.reporters.JUnitReportReporter -->
<testsuite hostname="Bala-PC" failures="0" tests="2" name="mavenpackage.FirstTestNGFile" time="0.045" errors="0" timestamp="2022-02-08T13:07:23 EST" skipped="0">
  <testcase classname="mavenpackage.FirstTestNGFile" name="verifyTitle" time="0.035"/>
  <system-out/>
  <testcase classname="mavenpackage.FirstTestNGFile" name="verifyTitle" time="0.010"/>
  <system-out/>
</testsuite> <!-- mavenpackage.FirstTestNGFile -->
