<?xml version="1.0" encoding="UTF-8"?>
<!-- Generated by org.testng.reporters.JUnitReportReporter -->
<testsuite hostname="Bala-PC" failures="0" tests="4" name="mavenpackage.Parameterization" time="0.005" errors="0" timestamp="2022-02-08T12:58:11 EST" skipped="0">
  <testcase classname="mavenpackage.Parameterization" name="parameterizedTest" time="0.002"/>
  <system-out/>
  <testcase classname="mavenpackage.Parameterization" name="parameterizedTest" time="0.001"/>
  <system-out/>
  <testcase classname="mavenpackage.Parameterization" name="optional" time="0.002"/>
  <system-out/>
  <testcase classname="mavenpackage.Parameterization" name="optional" time="0.000"/>
  <system-out/>
</testsuite> <!-- mavenpackage.Parameterization -->
