<?xml version="1.0" encoding="UTF-8"?>
<!-- Generated by org.testng.reporters.JUnitReportReporter -->
<testsuite hostname="Bala-PC" failures="0" tests="2" name="mavenpackage.FirstMavenExercise" time="4.821" errors="0" timestamp="2022-02-08T11:48:04 EST" skipped="0">
  <testcase classname="mavenpackage.FirstMavenExercise" name="mavenTest" time="2.333"/>
  <system-out/>
  <testcase classname="mavenpackage.FirstMavenExercise" name="mavenTest" time="2.488"/>
  <system-out/>
</testsuite> <!-- mavenpackage.FirstMavenExercise -->
