<?xml version="1.0" encoding="UTF-8"?>
<!-- Generated by org.testng.reporters.JUnitReportReporter -->
<testsuite hostname="Bala-PC" failures="0" tests="2" name="mavenpackage.FirstMavenExercise" time="4.752" errors="0" timestamp="2022-02-08T12:43:13 EST" skipped="0">
  <testcase classname="mavenpackage.FirstMavenExercise" name="mavenTest" time="2.341"/>
  <system-out/>
  <testcase classname="mavenpackage.FirstMavenExercise" name="mavenTest" time="2.411"/>
  <system-out/>
</testsuite> <!-- mavenpackage.FirstMavenExercise -->
